2026-01-21 00:08:29 | INFO | mmt.TuneDCT3D | task=task_3-2 | phase=tune_dct3d | device=cuda | roles=output
2026-01-21 00:08:30 | INFO | mmt.SignalSpec | Built SignalSpecRegistry with 12 role-specific signals
2026-01-21 00:08:30 | INFO | mmt.SignalSpec |   • gas_injection-total_injected   | role=actuator | id=  0 | modality=timeseries | encoder=dct3d | dim=2
2026-01-21 00:08:30 | INFO | mmt.SignalSpec |   • pulse_schedule-i_plasma        | role=actuator | id=  1 | modality=timeseries | encoder=dct3d | dim=2
2026-01-21 00:08:30 | INFO | mmt.SignalSpec |   • pulse_schedule-n_e_line        | role=actuator | id=  2 | modality=timeseries | encoder=dct3d | dim=2
2026-01-21 00:08:30 | INFO | mmt.SignalSpec |   • summary-power_nbi              | role=actuator | id=  3 | modality=timeseries | encoder=dct3d | dim=16
2026-01-21 00:08:30 | INFO | mmt.SignalSpec |   • soft_x_rays-horizontal_cam_lower | role=input    | id=  4 | modality=profile    | encoder=dct3d | dim=4032
2026-01-21 00:08:30 | INFO | mmt.SignalSpec |   • soft_x_rays-horizontal_cam_upper | role=input    | id=  5 | modality=profile    | encoder=dct3d | dim=4032
2026-01-21 00:08:30 | INFO | mmt.SignalSpec |   • spectrometer_visible-filter_spectrometer_dalpha_voltage | role=input    | id=  6 | modality=profile    | encoder=dct3d | dim=384
2026-01-21 00:08:30 | INFO | mmt.SignalSpec |   • thomson_scattering-n_e         | role=input    | id=  7 | modality=profile    | encoder=dct3d | dim=120
2026-01-21 00:08:30 | INFO | mmt.SignalSpec |   • thomson_scattering-t_e         | role=input    | id=  8 | modality=profile    | encoder=dct3d | dim=120
2026-01-21 00:08:30 | INFO | mmt.SignalSpec |   • soft_x_rays-horizontal_cam_lower | role=output   | id=  9 | modality=profile    | encoder=dct3d | dim=100
2026-01-21 00:08:30 | INFO | mmt.SignalSpec |   • soft_x_rays-horizontal_cam_upper | role=output   | id= 10 | modality=profile    | encoder=dct3d | dim=100
2026-01-21 00:08:30 | INFO | mmt.SignalSpec |   • spectrometer_visible-filter_spectrometer_dalpha_voltage | role=output   | id= 11 | modality=profile    | encoder=dct3d | dim=30
2026-01-21 00:08:30 | INFO | mmt.TuneDCT3D | TuneDCT3D initialized | roles=output | candidates=952 | budgets={'output': 6144}
2026-01-21 00:11:09 | INFO | mmt.TuneDCT3D | TuneDCT3D progress: shots: 10, windows: 197
2026-01-21 00:14:52 | INFO | mmt.TuneDCT3D | TuneDCT3D progress: shots: 20, windows: 451
2026-01-21 00:18:20 | INFO | mmt.TuneDCT3D | TuneDCT3D progress: shots: 30, windows: 680
2026-01-21 00:21:53 | INFO | mmt.TuneDCT3D | TuneDCT3D progress: shots: 40, windows: 919
2026-01-21 00:25:13 | INFO | mmt.TuneDCT3D | TuneDCT3D progress: shots: 50, windows: 1152
2026-01-21 00:28:29 | INFO | mmt.TuneDCT3D | TuneDCT3D progress: shots: 60, windows: 1367
2026-01-21 00:32:07 | INFO | mmt.TuneDCT3D | TuneDCT3D progress: shots: 70, windows: 1596
2026-01-21 00:35:35 | INFO | mmt.TuneDCT3D | TuneDCT3D progress: shots: 80, windows: 1826
2026-01-21 00:38:55 | INFO | mmt.TuneDCT3D | TuneDCT3D progress: shots: 90, windows: 2045
2026-01-21 00:41:45 | INFO | mmt.TuneDCT3D | Processed windows: total=2232
2026-01-21 00:41:45 | INFO | mmt.TuneDCT3D | Selected configurations:
2026-01-21 00:41:45 | INFO | mmt.TuneDCT3D | [output:soft_x_rays-horizontal_cam_lower] shape=(18, 2500) keep=(18,1,256) expl_energy=0.9914 eff_dim=4608
2026-01-21 00:41:45 | INFO | mmt.TuneDCT3D | [output:soft_x_rays-horizontal_cam_upper] shape=(18, 2500) keep=(18,1,256) expl_energy=0.9857 eff_dim=4608
2026-01-21 00:41:45 | INFO | mmt.TuneDCT3D | [output:spectrometer_visible-filter_spectrometer_dalpha_voltage] shape=(3, 2500) keep=(3,1,1024) expl_energy=0.9991 eff_dim=3072
2026-01-21 00:41:45 | INFO | mmt.TuneDCT3D | Wrote tuned embedding overrides to /home/ir-bosc1/git/multi-modal-transformer/scripts_mast/configs/tasks_overrides/task_3-2/embeddings_overrides/dct3d.yaml
2026-01-21 00:41:45 | INFO | mmt.TuneDCT3D | Archived tuned embedding overrides to /home/ir-bosc1/git/multi-modal-transformer/scripts_mast/configs/tasks_overrides/task_3-2/embeddings_overrides/history/dct3d_20260121_004145_593776.yaml
