2026-01-20 23:03:08 | INFO | mmt.TuneDCT3D | task=task_1-1 | phase=tune_dct3d | device=cuda | roles=output
2026-01-20 23:03:09 | INFO | mmt.SignalSpec | Built SignalSpecRegistry with 23 role-specific signals
2026-01-20 23:03:09 | INFO | mmt.SignalSpec |   • magnetics-b_field_pol_probe_ccbv_field | role=input    | id=  0 | modality=profile    | encoder=dct3d | dim=80
2026-01-20 23:03:09 | INFO | mmt.SignalSpec |   • magnetics-b_field_pol_probe_obr_field | role=input    | id=  1 | modality=profile    | encoder=dct3d | dim=36
2026-01-20 23:03:09 | INFO | mmt.SignalSpec |   • magnetics-b_field_pol_probe_obv_field | role=input    | id=  2 | modality=profile    | encoder=dct3d | dim=36
2026-01-20 23:03:09 | INFO | mmt.SignalSpec |   • magnetics-b_field_tor_probe_saddle_voltage | role=input    | id=  3 | modality=profile    | encoder=dct3d | dim=24
2026-01-20 23:03:09 | INFO | mmt.SignalSpec |   • magnetics-flux_loop_flux       | role=input    | id=  4 | modality=profile    | encoder=dct3d | dim=15
2026-01-20 23:03:09 | INFO | mmt.SignalSpec |   • pf_active-coil_current         | role=input    | id=  5 | modality=profile    | encoder=dct3d | dim=20
2026-01-20 23:03:09 | INFO | mmt.SignalSpec |   • pf_active-solenoid_current     | role=input    | id=  6 | modality=timeseries | encoder=dct3d | dim=2
2026-01-20 23:03:09 | INFO | mmt.SignalSpec |   • summary-ip                     | role=input    | id=  7 | modality=timeseries | encoder=dct3d | dim=4
2026-01-20 23:03:09 | INFO | mmt.SignalSpec |   • equilibrium-beta_normal        | role=output   | id=  8 | modality=timeseries | encoder=dct3d | dim=1
2026-01-20 23:03:09 | INFO | mmt.SignalSpec |   • equilibrium-beta_pol           | role=output   | id=  9 | modality=timeseries | encoder=dct3d | dim=1
2026-01-20 23:03:09 | INFO | mmt.SignalSpec |   • equilibrium-beta_tor           | role=output   | id= 10 | modality=timeseries | encoder=dct3d | dim=1
2026-01-20 23:03:09 | INFO | mmt.SignalSpec |   • equilibrium-bphi_rmag          | role=output   | id= 11 | modality=timeseries | encoder=dct3d | dim=1
2026-01-20 23:03:09 | INFO | mmt.SignalSpec |   • equilibrium-bvac_rmag          | role=output   | id= 12 | modality=timeseries | encoder=dct3d | dim=1
2026-01-20 23:03:09 | INFO | mmt.SignalSpec |   • equilibrium-elongation         | role=output   | id= 13 | modality=timeseries | encoder=dct3d | dim=1
2026-01-20 23:03:09 | INFO | mmt.SignalSpec |   • equilibrium-elongation_axis    | role=output   | id= 14 | modality=timeseries | encoder=dct3d | dim=1
2026-01-20 23:03:09 | INFO | mmt.SignalSpec |   • equilibrium-magnetic_axis_r    | role=output   | id= 15 | modality=timeseries | encoder=dct3d | dim=1
2026-01-20 23:03:09 | INFO | mmt.SignalSpec |   • equilibrium-magnetic_axis_z    | role=output   | id= 16 | modality=timeseries | encoder=dct3d | dim=1
2026-01-20 23:03:09 | INFO | mmt.SignalSpec |   • equilibrium-minor_radius       | role=output   | id= 17 | modality=timeseries | encoder=dct3d | dim=1
2026-01-20 23:03:09 | INFO | mmt.SignalSpec |   • equilibrium-q95                | role=output   | id= 18 | modality=timeseries | encoder=dct3d | dim=1
2026-01-20 23:03:09 | INFO | mmt.SignalSpec |   • equilibrium-triangularity_lower | role=output   | id= 19 | modality=timeseries | encoder=dct3d | dim=1
2026-01-20 23:03:09 | INFO | mmt.SignalSpec |   • equilibrium-triangularity_upper | role=output   | id= 20 | modality=timeseries | encoder=dct3d | dim=1
2026-01-20 23:03:09 | INFO | mmt.SignalSpec |   • equilibrium-x_point_r          | role=output   | id= 21 | modality=profile    | encoder=dct3d | dim=2
2026-01-20 23:03:09 | INFO | mmt.SignalSpec |   • equilibrium-x_point_z          | role=output   | id= 22 | modality=profile    | encoder=dct3d | dim=2
2026-01-20 23:03:09 | INFO | mmt.TuneDCT3D | TuneDCT3D initialized | roles=output | candidates=816 | budgets={'output': 6144}
2026-01-20 23:03:47 | INFO | mmt.TuneDCT3D | TuneDCT3D progress: shots: 10, windows: 119
2026-01-20 23:04:39 | INFO | mmt.TuneDCT3D | TuneDCT3D progress: shots: 20, windows: 286
2026-01-20 23:05:33 | INFO | mmt.TuneDCT3D | TuneDCT3D progress: shots: 30, windows: 438
2026-01-20 23:07:10 | INFO | mmt.TuneDCT3D | task=task_1-1 | phase=tune_dct3d | device=cuda | roles=output
2026-01-20 23:07:10 | INFO | mmt.SignalSpec | Built SignalSpecRegistry with 23 role-specific signals
2026-01-20 23:07:10 | INFO | mmt.SignalSpec |   • magnetics-b_field_pol_probe_ccbv_field | role=input    | id=  0 | modality=profile    | encoder=dct3d | dim=80
2026-01-20 23:07:10 | INFO | mmt.SignalSpec |   • magnetics-b_field_pol_probe_obr_field | role=input    | id=  1 | modality=profile    | encoder=dct3d | dim=36
2026-01-20 23:07:10 | INFO | mmt.SignalSpec |   • magnetics-b_field_pol_probe_obv_field | role=input    | id=  2 | modality=profile    | encoder=dct3d | dim=36
2026-01-20 23:07:10 | INFO | mmt.SignalSpec |   • magnetics-b_field_tor_probe_saddle_voltage | role=input    | id=  3 | modality=profile    | encoder=dct3d | dim=24
2026-01-20 23:07:10 | INFO | mmt.SignalSpec |   • magnetics-flux_loop_flux       | role=input    | id=  4 | modality=profile    | encoder=dct3d | dim=15
2026-01-20 23:07:10 | INFO | mmt.SignalSpec |   • pf_active-coil_current         | role=input    | id=  5 | modality=profile    | encoder=dct3d | dim=20
2026-01-20 23:07:10 | INFO | mmt.SignalSpec |   • pf_active-solenoid_current     | role=input    | id=  6 | modality=timeseries | encoder=dct3d | dim=2
2026-01-20 23:07:10 | INFO | mmt.SignalSpec |   • summary-ip                     | role=input    | id=  7 | modality=timeseries | encoder=dct3d | dim=4
2026-01-20 23:07:10 | INFO | mmt.SignalSpec |   • equilibrium-beta_normal        | role=output   | id=  8 | modality=timeseries | encoder=dct3d | dim=1
2026-01-20 23:07:10 | INFO | mmt.SignalSpec |   • equilibrium-beta_pol           | role=output   | id=  9 | modality=timeseries | encoder=dct3d | dim=1
2026-01-20 23:07:10 | INFO | mmt.SignalSpec |   • equilibrium-beta_tor           | role=output   | id= 10 | modality=timeseries | encoder=dct3d | dim=1
2026-01-20 23:07:10 | INFO | mmt.SignalSpec |   • equilibrium-bphi_rmag          | role=output   | id= 11 | modality=timeseries | encoder=dct3d | dim=1
2026-01-20 23:07:10 | INFO | mmt.SignalSpec |   • equilibrium-bvac_rmag          | role=output   | id= 12 | modality=timeseries | encoder=dct3d | dim=1
2026-01-20 23:07:10 | INFO | mmt.SignalSpec |   • equilibrium-elongation         | role=output   | id= 13 | modality=timeseries | encoder=dct3d | dim=1
2026-01-20 23:07:10 | INFO | mmt.SignalSpec |   • equilibrium-elongation_axis    | role=output   | id= 14 | modality=timeseries | encoder=dct3d | dim=1
2026-01-20 23:07:10 | INFO | mmt.SignalSpec |   • equilibrium-magnetic_axis_r    | role=output   | id= 15 | modality=timeseries | encoder=dct3d | dim=1
2026-01-20 23:07:10 | INFO | mmt.SignalSpec |   • equilibrium-magnetic_axis_z    | role=output   | id= 16 | modality=timeseries | encoder=dct3d | dim=1
2026-01-20 23:07:10 | INFO | mmt.SignalSpec |   • equilibrium-minor_radius       | role=output   | id= 17 | modality=timeseries | encoder=dct3d | dim=1
2026-01-20 23:07:10 | INFO | mmt.SignalSpec |   • equilibrium-q95                | role=output   | id= 18 | modality=timeseries | encoder=dct3d | dim=1
2026-01-20 23:07:10 | INFO | mmt.SignalSpec |   • equilibrium-triangularity_lower | role=output   | id= 19 | modality=timeseries | encoder=dct3d | dim=1
2026-01-20 23:07:10 | INFO | mmt.SignalSpec |   • equilibrium-triangularity_upper | role=output   | id= 20 | modality=timeseries | encoder=dct3d | dim=1
2026-01-20 23:07:10 | INFO | mmt.SignalSpec |   • equilibrium-x_point_r          | role=output   | id= 21 | modality=profile    | encoder=dct3d | dim=2
2026-01-20 23:07:10 | INFO | mmt.SignalSpec |   • equilibrium-x_point_z          | role=output   | id= 22 | modality=profile    | encoder=dct3d | dim=2
2026-01-20 23:07:10 | INFO | mmt.TuneDCT3D | TuneDCT3D initialized | roles=output | candidates=816 | budgets={'output': 6144}
2026-01-20 23:07:50 | INFO | mmt.TuneDCT3D | TuneDCT3D progress: shots: 10, windows: 119
2026-01-20 23:08:39 | INFO | mmt.TuneDCT3D | TuneDCT3D progress: shots: 20, windows: 286
2026-01-20 23:09:24 | INFO | mmt.TuneDCT3D | TuneDCT3D progress: shots: 30, windows: 438
2026-01-20 23:10:07 | INFO | mmt.TuneDCT3D | TuneDCT3D progress: shots: 40, windows: 574
2026-01-20 23:10:59 | INFO | mmt.TuneDCT3D | TuneDCT3D progress: shots: 50, windows: 718
2026-01-20 23:11:57 | INFO | mmt.TuneDCT3D | TuneDCT3D progress: shots: 60, windows: 879
2026-01-20 23:12:49 | INFO | mmt.TuneDCT3D | TuneDCT3D progress: shots: 70, windows: 1034
2026-01-20 23:13:40 | INFO | mmt.TuneDCT3D | TuneDCT3D progress: shots: 80, windows: 1194
2026-01-20 23:14:28 | INFO | mmt.TuneDCT3D | TuneDCT3D progress: shots: 90, windows: 1344
2026-01-20 23:14:54 | INFO | mmt.TuneDCT3D | Processed windows: total=1427
2026-01-20 23:14:54 | INFO | mmt.TuneDCT3D | Selected configurations:
2026-01-20 23:14:54 | INFO | mmt.TuneDCT3D | [output:equilibrium-beta_normal] shape=(1,) keep=(1,1,1) expl_energy=1.0000 eff_dim=1
2026-01-20 23:14:54 | INFO | mmt.TuneDCT3D | [output:equilibrium-beta_pol] shape=(1,) keep=(1,1,1) expl_energy=1.0000 eff_dim=1
2026-01-20 23:14:54 | INFO | mmt.TuneDCT3D | [output:equilibrium-beta_tor] shape=(1,) keep=(1,1,1) expl_energy=1.0000 eff_dim=1
2026-01-20 23:14:54 | INFO | mmt.TuneDCT3D | [output:equilibrium-bphi_rmag] shape=(1,) keep=(1,1,1) expl_energy=1.0000 eff_dim=1
2026-01-20 23:14:54 | INFO | mmt.TuneDCT3D | [output:equilibrium-bvac_rmag] shape=(1,) keep=(1,1,1) expl_energy=1.0000 eff_dim=1
2026-01-20 23:14:54 | INFO | mmt.TuneDCT3D | [output:equilibrium-elongation] shape=(1,) keep=(1,1,1) expl_energy=1.0000 eff_dim=1
2026-01-20 23:14:54 | INFO | mmt.TuneDCT3D | [output:equilibrium-elongation_axis] shape=(1,) keep=(1,1,1) expl_energy=1.0000 eff_dim=1
2026-01-20 23:14:54 | INFO | mmt.TuneDCT3D | [output:equilibrium-magnetic_axis_r] shape=(1,) keep=(1,1,1) expl_energy=1.0000 eff_dim=1
2026-01-20 23:14:54 | INFO | mmt.TuneDCT3D | [output:equilibrium-magnetic_axis_z] shape=(1,) keep=(1,1,1) expl_energy=1.0000 eff_dim=1
2026-01-20 23:14:54 | INFO | mmt.TuneDCT3D | [output:equilibrium-minor_radius] shape=(1,) keep=(1,1,1) expl_energy=1.0000 eff_dim=1
2026-01-20 23:14:54 | INFO | mmt.TuneDCT3D | [output:equilibrium-q95] shape=(1,) keep=(1,1,1) expl_energy=1.0000 eff_dim=1
2026-01-20 23:14:54 | INFO | mmt.TuneDCT3D | [output:equilibrium-triangularity_lower] shape=(1,) keep=(1,1,1) expl_energy=1.0000 eff_dim=1
2026-01-20 23:14:54 | INFO | mmt.TuneDCT3D | [output:equilibrium-triangularity_upper] shape=(1,) keep=(1,1,1) expl_energy=1.0000 eff_dim=1
2026-01-20 23:14:54 | INFO | mmt.TuneDCT3D | [output:equilibrium-x_point_r] shape=(2, 1) keep=(2,1,1) expl_energy=1.0000 eff_dim=2
2026-01-20 23:14:54 | INFO | mmt.TuneDCT3D | [output:equilibrium-x_point_z] shape=(2, 1) keep=(2,1,1) expl_energy=1.0000 eff_dim=2
2026-01-20 23:14:54 | INFO | mmt.TuneDCT3D | Wrote tuned embedding overrides to /home/ir-bosc1/git/multi-modal-transformer/scripts_mast/configs/tasks_overrides/task_1-1/embeddings_overrides/dct3d.yaml
2026-01-20 23:14:54 | INFO | mmt.TuneDCT3D | Archived tuned embedding overrides to /home/ir-bosc1/git/multi-modal-transformer/scripts_mast/configs/tasks_overrides/task_1-1/embeddings_overrides/history/dct3d_20260120_231454_760765.yaml
2026-01-20 23:25:37 | INFO | mmt.TuneDCT3D | task=task_1-1 | phase=tune_dct3d | device=cuda | roles=output
2026-01-20 23:25:37 | INFO | mmt.SignalSpec | Built SignalSpecRegistry with 23 role-specific signals
2026-01-20 23:25:37 | INFO | mmt.SignalSpec |   • magnetics-b_field_pol_probe_ccbv_field | role=input    | id=  0 | modality=profile    | encoder=dct3d | dim=80
2026-01-20 23:25:37 | INFO | mmt.SignalSpec |   • magnetics-b_field_pol_probe_obr_field | role=input    | id=  1 | modality=profile    | encoder=dct3d | dim=36
2026-01-20 23:25:37 | INFO | mmt.SignalSpec |   • magnetics-b_field_pol_probe_obv_field | role=input    | id=  2 | modality=profile    | encoder=dct3d | dim=36
2026-01-20 23:25:37 | INFO | mmt.SignalSpec |   • magnetics-b_field_tor_probe_saddle_voltage | role=input    | id=  3 | modality=profile    | encoder=dct3d | dim=24
2026-01-20 23:25:37 | INFO | mmt.SignalSpec |   • magnetics-flux_loop_flux       | role=input    | id=  4 | modality=profile    | encoder=dct3d | dim=15
2026-01-20 23:25:37 | INFO | mmt.SignalSpec |   • pf_active-coil_current         | role=input    | id=  5 | modality=profile    | encoder=dct3d | dim=20
2026-01-20 23:25:37 | INFO | mmt.SignalSpec |   • pf_active-solenoid_current     | role=input    | id=  6 | modality=timeseries | encoder=dct3d | dim=2
2026-01-20 23:25:37 | INFO | mmt.SignalSpec |   • summary-ip                     | role=input    | id=  7 | modality=timeseries | encoder=dct3d | dim=4
2026-01-20 23:25:37 | INFO | mmt.SignalSpec |   • equilibrium-beta_normal        | role=output   | id=  8 | modality=timeseries | encoder=dct3d | dim=1
2026-01-20 23:25:37 | INFO | mmt.SignalSpec |   • equilibrium-beta_pol           | role=output   | id=  9 | modality=timeseries | encoder=dct3d | dim=1
2026-01-20 23:25:37 | INFO | mmt.SignalSpec |   • equilibrium-beta_tor           | role=output   | id= 10 | modality=timeseries | encoder=dct3d | dim=1
2026-01-20 23:25:37 | INFO | mmt.SignalSpec |   • equilibrium-bphi_rmag          | role=output   | id= 11 | modality=timeseries | encoder=dct3d | dim=1
2026-01-20 23:25:37 | INFO | mmt.SignalSpec |   • equilibrium-bvac_rmag          | role=output   | id= 12 | modality=timeseries | encoder=dct3d | dim=1
2026-01-20 23:25:37 | INFO | mmt.SignalSpec |   • equilibrium-elongation         | role=output   | id= 13 | modality=timeseries | encoder=dct3d | dim=1
2026-01-20 23:25:37 | INFO | mmt.SignalSpec |   • equilibrium-elongation_axis    | role=output   | id= 14 | modality=timeseries | encoder=dct3d | dim=1
2026-01-20 23:25:37 | INFO | mmt.SignalSpec |   • equilibrium-magnetic_axis_r    | role=output   | id= 15 | modality=timeseries | encoder=dct3d | dim=1
2026-01-20 23:25:37 | INFO | mmt.SignalSpec |   • equilibrium-magnetic_axis_z    | role=output   | id= 16 | modality=timeseries | encoder=dct3d | dim=1
2026-01-20 23:25:37 | INFO | mmt.SignalSpec |   • equilibrium-minor_radius       | role=output   | id= 17 | modality=timeseries | encoder=dct3d | dim=1
2026-01-20 23:25:37 | INFO | mmt.SignalSpec |   • equilibrium-q95                | role=output   | id= 18 | modality=timeseries | encoder=dct3d | dim=1
2026-01-20 23:25:37 | INFO | mmt.SignalSpec |   • equilibrium-triangularity_lower | role=output   | id= 19 | modality=timeseries | encoder=dct3d | dim=1
2026-01-20 23:25:37 | INFO | mmt.SignalSpec |   • equilibrium-triangularity_upper | role=output   | id= 20 | modality=timeseries | encoder=dct3d | dim=1
2026-01-20 23:25:37 | INFO | mmt.SignalSpec |   • equilibrium-x_point_r          | role=output   | id= 21 | modality=profile    | encoder=dct3d | dim=2
2026-01-20 23:25:37 | INFO | mmt.SignalSpec |   • equilibrium-x_point_z          | role=output   | id= 22 | modality=profile    | encoder=dct3d | dim=2
2026-01-20 23:25:37 | INFO | mmt.TuneDCT3D | TuneDCT3D initialized | roles=output | candidates=952 | budgets={'output': 6144}
2026-01-20 23:26:31 | INFO | mmt.TuneDCT3D | TuneDCT3D progress: shots: 10, windows: 146
2026-01-20 23:27:48 | INFO | mmt.TuneDCT3D | TuneDCT3D progress: shots: 20, windows: 351
2026-01-20 23:28:51 | INFO | mmt.TuneDCT3D | TuneDCT3D progress: shots: 30, windows: 541
2026-01-20 23:29:48 | INFO | mmt.TuneDCT3D | TuneDCT3D progress: shots: 40, windows: 710
2026-01-20 23:30:53 | INFO | mmt.TuneDCT3D | TuneDCT3D progress: shots: 50, windows: 888
2026-01-20 23:32:07 | INFO | mmt.TuneDCT3D | TuneDCT3D progress: shots: 60, windows: 1088
2026-01-20 23:33:12 | INFO | mmt.TuneDCT3D | TuneDCT3D progress: shots: 70, windows: 1278
2026-01-20 23:34:18 | INFO | mmt.TuneDCT3D | TuneDCT3D progress: shots: 80, windows: 1475
2026-01-20 23:35:21 | INFO | mmt.TuneDCT3D | TuneDCT3D progress: shots: 90, windows: 1660
2026-01-20 23:35:58 | INFO | mmt.TuneDCT3D | Processed windows: total=1765
2026-01-20 23:35:58 | INFO | mmt.TuneDCT3D | Selected configurations:
2026-01-20 23:35:58 | INFO | mmt.TuneDCT3D | [output:equilibrium-beta_normal] shape=(1,) keep=(1,1,1) expl_energy=1.0000 eff_dim=1
2026-01-20 23:35:58 | INFO | mmt.TuneDCT3D | [output:equilibrium-beta_pol] shape=(1,) keep=(1,1,1) expl_energy=1.0000 eff_dim=1
2026-01-20 23:35:58 | INFO | mmt.TuneDCT3D | [output:equilibrium-beta_tor] shape=(1,) keep=(1,1,1) expl_energy=1.0000 eff_dim=1
2026-01-20 23:35:58 | INFO | mmt.TuneDCT3D | [output:equilibrium-bphi_rmag] shape=(1,) keep=(1,1,1) expl_energy=1.0000 eff_dim=1
2026-01-20 23:35:58 | INFO | mmt.TuneDCT3D | [output:equilibrium-bvac_rmag] shape=(1,) keep=(1,1,1) expl_energy=1.0000 eff_dim=1
2026-01-20 23:35:58 | INFO | mmt.TuneDCT3D | [output:equilibrium-elongation] shape=(1,) keep=(1,1,1) expl_energy=1.0000 eff_dim=1
2026-01-20 23:35:58 | INFO | mmt.TuneDCT3D | [output:equilibrium-elongation_axis] shape=(1,) keep=(1,1,1) expl_energy=1.0000 eff_dim=1
2026-01-20 23:35:58 | INFO | mmt.TuneDCT3D | [output:equilibrium-magnetic_axis_r] shape=(1,) keep=(1,1,1) expl_energy=1.0000 eff_dim=1
2026-01-20 23:35:58 | INFO | mmt.TuneDCT3D | [output:equilibrium-magnetic_axis_z] shape=(1,) keep=(1,1,1) expl_energy=1.0000 eff_dim=1
2026-01-20 23:35:58 | INFO | mmt.TuneDCT3D | [output:equilibrium-minor_radius] shape=(1,) keep=(1,1,1) expl_energy=1.0000 eff_dim=1
2026-01-20 23:35:58 | INFO | mmt.TuneDCT3D | [output:equilibrium-q95] shape=(1,) keep=(1,1,1) expl_energy=1.0000 eff_dim=1
2026-01-20 23:35:58 | INFO | mmt.TuneDCT3D | [output:equilibrium-triangularity_lower] shape=(1,) keep=(1,1,1) expl_energy=1.0000 eff_dim=1
2026-01-20 23:35:58 | INFO | mmt.TuneDCT3D | [output:equilibrium-triangularity_upper] shape=(1,) keep=(1,1,1) expl_energy=1.0000 eff_dim=1
2026-01-20 23:35:58 | INFO | mmt.TuneDCT3D | [output:equilibrium-x_point_r] shape=(2, 1) keep=(2,1,1) expl_energy=1.0000 eff_dim=2
2026-01-20 23:35:58 | INFO | mmt.TuneDCT3D | [output:equilibrium-x_point_z] shape=(2, 1) keep=(2,1,1) expl_energy=1.0000 eff_dim=2
2026-01-20 23:35:58 | INFO | mmt.TuneDCT3D | Wrote tuned embedding overrides to /home/ir-bosc1/git/multi-modal-transformer/scripts_mast/configs/tasks_overrides/task_1-1/embeddings_overrides/dct3d.yaml
2026-01-20 23:35:58 | INFO | mmt.TuneDCT3D | Archived tuned embedding overrides to /home/ir-bosc1/git/multi-modal-transformer/scripts_mast/configs/tasks_overrides/task_1-1/embeddings_overrides/history/dct3d_20260120_233558_528403.yaml
