2026-01-20 23:19:53 | INFO | mmt.TuneDCT3D | task=task_2-1 | phase=tune_dct3d | device=cuda | roles=output
2026-01-20 23:19:53 | INFO | mmt.SignalSpec | Built SignalSpecRegistry with 28 role-specific signals
2026-01-20 23:19:53 | INFO | mmt.SignalSpec |   • pf_active-coil_voltage         | role=actuator | id=  0 | modality=profile    | encoder=dct3d | dim=64
2026-01-20 23:19:53 | INFO | mmt.SignalSpec |   • summary-power_nbi              | role=actuator | id=  1 | modality=timeseries | encoder=dct3d | dim=16
2026-01-20 23:19:53 | INFO | mmt.SignalSpec |   • magnetics-b_field_pol_probe_ccbv_field | role=input    | id=  2 | modality=profile    | encoder=dct3d | dim=80
2026-01-20 23:19:53 | INFO | mmt.SignalSpec |   • magnetics-b_field_pol_probe_obr_field | role=input    | id=  3 | modality=profile    | encoder=dct3d | dim=36
2026-01-20 23:19:53 | INFO | mmt.SignalSpec |   • magnetics-b_field_pol_probe_obv_field | role=input    | id=  4 | modality=profile    | encoder=dct3d | dim=36
2026-01-20 23:19:53 | INFO | mmt.SignalSpec |   • magnetics-b_field_tor_probe_saddle_voltage | role=input    | id=  5 | modality=profile    | encoder=dct3d | dim=24
2026-01-20 23:19:53 | INFO | mmt.SignalSpec |   • magnetics-flux_loop_flux       | role=input    | id=  6 | modality=profile    | encoder=dct3d | dim=15
2026-01-20 23:19:53 | INFO | mmt.SignalSpec |   • pf_active-coil_current         | role=input    | id=  7 | modality=profile    | encoder=dct3d | dim=20
2026-01-20 23:19:53 | INFO | mmt.SignalSpec |   • pf_active-solenoid_current     | role=input    | id=  8 | modality=timeseries | encoder=dct3d | dim=2
2026-01-20 23:19:53 | INFO | mmt.SignalSpec |   • summary-ip                     | role=input    | id=  9 | modality=timeseries | encoder=dct3d | dim=4
2026-01-20 23:19:53 | INFO | mmt.SignalSpec |   • equilibrium-beta_normal        | role=output   | id= 10 | modality=timeseries | encoder=dct3d | dim=5
2026-01-20 23:19:53 | INFO | mmt.SignalSpec |   • equilibrium-beta_pol           | role=output   | id= 11 | modality=timeseries | encoder=dct3d | dim=5
2026-01-20 23:19:53 | INFO | mmt.SignalSpec |   • equilibrium-beta_tor           | role=output   | id= 12 | modality=timeseries | encoder=dct3d | dim=5
2026-01-20 23:19:53 | INFO | mmt.SignalSpec |   • equilibrium-bphi_rmag          | role=output   | id= 13 | modality=timeseries | encoder=dct3d | dim=5
2026-01-20 23:19:53 | INFO | mmt.SignalSpec |   • equilibrium-bvac_rmag          | role=output   | id= 14 | modality=timeseries | encoder=dct3d | dim=5
2026-01-20 23:19:53 | INFO | mmt.SignalSpec |   • equilibrium-elongation         | role=output   | id= 15 | modality=timeseries | encoder=dct3d | dim=5
2026-01-20 23:19:53 | INFO | mmt.SignalSpec |   • equilibrium-elongation_axis    | role=output   | id= 16 | modality=timeseries | encoder=dct3d | dim=5
2026-01-20 23:19:53 | INFO | mmt.SignalSpec |   • equilibrium-magnetic_axis_r    | role=output   | id= 17 | modality=timeseries | encoder=dct3d | dim=5
2026-01-20 23:19:53 | INFO | mmt.SignalSpec |   • equilibrium-magnetic_axis_z    | role=output   | id= 18 | modality=timeseries | encoder=dct3d | dim=5
2026-01-20 23:19:53 | INFO | mmt.SignalSpec |   • equilibrium-minor_radius       | role=output   | id= 19 | modality=timeseries | encoder=dct3d | dim=5
2026-01-20 23:19:53 | INFO | mmt.SignalSpec |   • equilibrium-q95                | role=output   | id= 20 | modality=timeseries | encoder=dct3d | dim=5
2026-01-20 23:19:53 | INFO | mmt.SignalSpec |   • equilibrium-triangularity_lower | role=output   | id= 21 | modality=timeseries | encoder=dct3d | dim=5
2026-01-20 23:19:53 | INFO | mmt.SignalSpec |   • equilibrium-triangularity_upper | role=output   | id= 22 | modality=timeseries | encoder=dct3d | dim=5
2026-01-20 23:19:53 | INFO | mmt.SignalSpec |   • equilibrium-x_point_r          | role=output   | id= 23 | modality=profile    | encoder=dct3d | dim=10
2026-01-20 23:19:53 | INFO | mmt.SignalSpec |   • equilibrium-x_point_z          | role=output   | id= 24 | modality=profile    | encoder=dct3d | dim=10
2026-01-20 23:19:53 | INFO | mmt.SignalSpec |   • pf_active-coil_current         | role=output   | id= 25 | modality=profile    | encoder=dct3d | dim=100
2026-01-20 23:19:53 | INFO | mmt.SignalSpec |   • pf_active-solenoid_current     | role=output   | id= 26 | modality=timeseries | encoder=dct3d | dim=10
2026-01-20 23:19:53 | INFO | mmt.SignalSpec |   • summary-ip                     | role=output   | id= 27 | modality=timeseries | encoder=dct3d | dim=10
2026-01-20 23:19:53 | INFO | mmt.TuneDCT3D | TuneDCT3D initialized | roles=output | candidates=816 | budgets={'output': 6144}
2026-01-20 23:20:45 | INFO | mmt.TuneDCT3D | TuneDCT3D progress: shots: 10, windows: 223
2026-01-20 23:21:57 | INFO | mmt.TuneDCT3D | TuneDCT3D progress: shots: 20, windows: 482
2026-01-20 23:23:02 | INFO | mmt.TuneDCT3D | TuneDCT3D progress: shots: 30, windows: 703
2026-01-20 23:41:55 | INFO | mmt.TuneDCT3D | task=task_2-1 | phase=tune_dct3d | device=cuda | roles=output
2026-01-20 23:41:55 | INFO | mmt.SignalSpec | Built SignalSpecRegistry with 28 role-specific signals
2026-01-20 23:41:55 | INFO | mmt.SignalSpec |   • pf_active-coil_voltage         | role=actuator | id=  0 | modality=profile    | encoder=dct3d | dim=64
2026-01-20 23:41:55 | INFO | mmt.SignalSpec |   • summary-power_nbi              | role=actuator | id=  1 | modality=timeseries | encoder=dct3d | dim=16
2026-01-20 23:41:55 | INFO | mmt.SignalSpec |   • magnetics-b_field_pol_probe_ccbv_field | role=input    | id=  2 | modality=profile    | encoder=dct3d | dim=80
2026-01-20 23:41:55 | INFO | mmt.SignalSpec |   • magnetics-b_field_pol_probe_obr_field | role=input    | id=  3 | modality=profile    | encoder=dct3d | dim=36
2026-01-20 23:41:55 | INFO | mmt.SignalSpec |   • magnetics-b_field_pol_probe_obv_field | role=input    | id=  4 | modality=profile    | encoder=dct3d | dim=36
2026-01-20 23:41:55 | INFO | mmt.SignalSpec |   • magnetics-b_field_tor_probe_saddle_voltage | role=input    | id=  5 | modality=profile    | encoder=dct3d | dim=24
2026-01-20 23:41:55 | INFO | mmt.SignalSpec |   • magnetics-flux_loop_flux       | role=input    | id=  6 | modality=profile    | encoder=dct3d | dim=15
2026-01-20 23:41:55 | INFO | mmt.SignalSpec |   • pf_active-coil_current         | role=input    | id=  7 | modality=profile    | encoder=dct3d | dim=20
2026-01-20 23:41:55 | INFO | mmt.SignalSpec |   • pf_active-solenoid_current     | role=input    | id=  8 | modality=timeseries | encoder=dct3d | dim=2
2026-01-20 23:41:55 | INFO | mmt.SignalSpec |   • summary-ip                     | role=input    | id=  9 | modality=timeseries | encoder=dct3d | dim=4
2026-01-20 23:41:55 | INFO | mmt.SignalSpec |   • equilibrium-beta_normal        | role=output   | id= 10 | modality=timeseries | encoder=dct3d | dim=5
2026-01-20 23:41:55 | INFO | mmt.SignalSpec |   • equilibrium-beta_pol           | role=output   | id= 11 | modality=timeseries | encoder=dct3d | dim=5
2026-01-20 23:41:55 | INFO | mmt.SignalSpec |   • equilibrium-beta_tor           | role=output   | id= 12 | modality=timeseries | encoder=dct3d | dim=5
2026-01-20 23:41:55 | INFO | mmt.SignalSpec |   • equilibrium-bphi_rmag          | role=output   | id= 13 | modality=timeseries | encoder=dct3d | dim=5
2026-01-20 23:41:55 | INFO | mmt.SignalSpec |   • equilibrium-bvac_rmag          | role=output   | id= 14 | modality=timeseries | encoder=dct3d | dim=5
2026-01-20 23:41:55 | INFO | mmt.SignalSpec |   • equilibrium-elongation         | role=output   | id= 15 | modality=timeseries | encoder=dct3d | dim=5
2026-01-20 23:41:55 | INFO | mmt.SignalSpec |   • equilibrium-elongation_axis    | role=output   | id= 16 | modality=timeseries | encoder=dct3d | dim=5
2026-01-20 23:41:55 | INFO | mmt.SignalSpec |   • equilibrium-magnetic_axis_r    | role=output   | id= 17 | modality=timeseries | encoder=dct3d | dim=5
2026-01-20 23:41:55 | INFO | mmt.SignalSpec |   • equilibrium-magnetic_axis_z    | role=output   | id= 18 | modality=timeseries | encoder=dct3d | dim=5
2026-01-20 23:41:55 | INFO | mmt.SignalSpec |   • equilibrium-minor_radius       | role=output   | id= 19 | modality=timeseries | encoder=dct3d | dim=5
2026-01-20 23:41:55 | INFO | mmt.SignalSpec |   • equilibrium-q95                | role=output   | id= 20 | modality=timeseries | encoder=dct3d | dim=5
2026-01-20 23:41:55 | INFO | mmt.SignalSpec |   • equilibrium-triangularity_lower | role=output   | id= 21 | modality=timeseries | encoder=dct3d | dim=5
2026-01-20 23:41:55 | INFO | mmt.SignalSpec |   • equilibrium-triangularity_upper | role=output   | id= 22 | modality=timeseries | encoder=dct3d | dim=5
2026-01-20 23:41:55 | INFO | mmt.SignalSpec |   • equilibrium-x_point_r          | role=output   | id= 23 | modality=profile    | encoder=dct3d | dim=10
2026-01-20 23:41:55 | INFO | mmt.SignalSpec |   • equilibrium-x_point_z          | role=output   | id= 24 | modality=profile    | encoder=dct3d | dim=10
2026-01-20 23:41:55 | INFO | mmt.SignalSpec |   • pf_active-coil_current         | role=output   | id= 25 | modality=profile    | encoder=dct3d | dim=100
2026-01-20 23:41:55 | INFO | mmt.SignalSpec |   • pf_active-solenoid_current     | role=output   | id= 26 | modality=timeseries | encoder=dct3d | dim=10
2026-01-20 23:41:55 | INFO | mmt.SignalSpec |   • summary-ip                     | role=output   | id= 27 | modality=timeseries | encoder=dct3d | dim=10
2026-01-20 23:41:55 | INFO | mmt.TuneDCT3D | TuneDCT3D initialized | roles=output | candidates=952 | budgets={'output': 6144}
2026-01-20 23:43:08 | INFO | mmt.TuneDCT3D | TuneDCT3D progress: shots: 10, windows: 278
2026-01-20 23:44:41 | INFO | mmt.TuneDCT3D | TuneDCT3D progress: shots: 20, windows: 597
2026-01-20 23:46:11 | INFO | mmt.TuneDCT3D | TuneDCT3D progress: shots: 30, windows: 872
2026-01-20 23:47:38 | INFO | mmt.TuneDCT3D | TuneDCT3D progress: shots: 40, windows: 1168
2026-01-20 23:49:10 | INFO | mmt.TuneDCT3D | TuneDCT3D progress: shots: 50, windows: 1463
2026-01-20 23:50:31 | INFO | mmt.TuneDCT3D | TuneDCT3D progress: shots: 60, windows: 1741
2026-01-20 23:52:12 | INFO | mmt.TuneDCT3D | TuneDCT3D progress: shots: 70, windows: 2150
2026-01-20 23:53:34 | INFO | mmt.TuneDCT3D | TuneDCT3D progress: shots: 80, windows: 2414
2026-01-20 23:55:09 | INFO | mmt.TuneDCT3D | TuneDCT3D progress: shots: 90, windows: 2724
2026-01-20 23:56:20 | INFO | mmt.TuneDCT3D | TuneDCT3D progress: shots: 100, windows: 2948
2026-01-20 23:56:30 | INFO | mmt.TuneDCT3D | Processed windows: total=2977
2026-01-20 23:56:30 | INFO | mmt.TuneDCT3D | Selected configurations:
2026-01-20 23:56:30 | INFO | mmt.TuneDCT3D | [output:equilibrium-beta_normal] shape=(5,) keep=(1,1,5) expl_energy=1.0000 eff_dim=5
2026-01-20 23:56:30 | INFO | mmt.TuneDCT3D | [output:equilibrium-beta_pol] shape=(5,) keep=(1,1,5) expl_energy=1.0000 eff_dim=5
2026-01-20 23:56:30 | INFO | mmt.TuneDCT3D | [output:equilibrium-beta_tor] shape=(5,) keep=(1,1,5) expl_energy=1.0000 eff_dim=5
2026-01-20 23:56:30 | INFO | mmt.TuneDCT3D | [output:equilibrium-bphi_rmag] shape=(5,) keep=(1,1,5) expl_energy=1.0000 eff_dim=5
2026-01-20 23:56:30 | INFO | mmt.TuneDCT3D | [output:equilibrium-bvac_rmag] shape=(5,) keep=(1,1,5) expl_energy=1.0000 eff_dim=5
2026-01-20 23:56:30 | INFO | mmt.TuneDCT3D | [output:equilibrium-elongation] shape=(5,) keep=(1,1,5) expl_energy=1.0000 eff_dim=5
2026-01-20 23:56:30 | INFO | mmt.TuneDCT3D | [output:equilibrium-elongation_axis] shape=(5,) keep=(1,1,5) expl_energy=1.0000 eff_dim=5
2026-01-20 23:56:30 | INFO | mmt.TuneDCT3D | [output:equilibrium-magnetic_axis_r] shape=(5,) keep=(1,1,5) expl_energy=1.0000 eff_dim=5
2026-01-20 23:56:30 | INFO | mmt.TuneDCT3D | [output:equilibrium-magnetic_axis_z] shape=(5,) keep=(1,1,5) expl_energy=1.0000 eff_dim=5
2026-01-20 23:56:30 | INFO | mmt.TuneDCT3D | [output:equilibrium-minor_radius] shape=(5,) keep=(1,1,5) expl_energy=1.0000 eff_dim=5
2026-01-20 23:56:30 | INFO | mmt.TuneDCT3D | [output:equilibrium-q95] shape=(5,) keep=(1,1,5) expl_energy=1.0000 eff_dim=5
2026-01-20 23:56:30 | INFO | mmt.TuneDCT3D | [output:equilibrium-triangularity_lower] shape=(5,) keep=(1,1,5) expl_energy=1.0000 eff_dim=5
2026-01-20 23:56:30 | INFO | mmt.TuneDCT3D | [output:equilibrium-triangularity_upper] shape=(5,) keep=(1,1,5) expl_energy=1.0000 eff_dim=5
2026-01-20 23:56:30 | INFO | mmt.TuneDCT3D | [output:equilibrium-x_point_r] shape=(2, 5) keep=(2,1,4) expl_energy=0.9994 eff_dim=8
2026-01-20 23:56:30 | INFO | mmt.TuneDCT3D | [output:equilibrium-x_point_z] shape=(2, 5) keep=(2,1,2) expl_energy=0.9995 eff_dim=4
2026-01-20 23:56:30 | INFO | mmt.TuneDCT3D | [output:pf_active-coil_current] shape=(10, 100) keep=(10,1,8) expl_energy=0.9997 eff_dim=80
2026-01-20 23:56:30 | INFO | mmt.TuneDCT3D | [output:pf_active-solenoid_current] shape=(100,) keep=(1,1,4) expl_energy=0.9998 eff_dim=4
2026-01-20 23:56:30 | INFO | mmt.TuneDCT3D | [output:summary-ip] shape=(100,) keep=(1,1,16) expl_energy=0.9994 eff_dim=16
2026-01-20 23:56:30 | INFO | mmt.TuneDCT3D | Wrote tuned embedding overrides to /home/ir-bosc1/git/multi-modal-transformer/scripts_mast/configs/tasks_overrides/task_2-1/embeddings_overrides/dct3d.yaml
2026-01-20 23:56:30 | INFO | mmt.TuneDCT3D | Archived tuned embedding overrides to /home/ir-bosc1/git/multi-modal-transformer/scripts_mast/configs/tasks_overrides/task_2-1/embeddings_overrides/history/dct3d_20260120_235630_691987.yaml
