2026-01-20 23:15:16 | INFO | mmt.TuneDCT3D | task=task_1-2 | phase=tune_dct3d | device=cuda | roles=output
2026-01-20 23:15:16 | INFO | mmt.SignalSpec | Built SignalSpecRegistry with 10 role-specific signals
2026-01-20 23:15:16 | INFO | mmt.SignalSpec |   • magnetics-b_field_pol_probe_ccbv_field | role=input    | id=  0 | modality=profile    | encoder=dct3d | dim=80
2026-01-20 23:15:16 | INFO | mmt.SignalSpec |   • magnetics-b_field_pol_probe_obr_field | role=input    | id=  1 | modality=profile    | encoder=dct3d | dim=36
2026-01-20 23:15:16 | INFO | mmt.SignalSpec |   • magnetics-b_field_pol_probe_obv_field | role=input    | id=  2 | modality=profile    | encoder=dct3d | dim=36
2026-01-20 23:15:16 | INFO | mmt.SignalSpec |   • magnetics-b_field_tor_probe_saddle_voltage | role=input    | id=  3 | modality=profile    | encoder=dct3d | dim=24
2026-01-20 23:15:16 | INFO | mmt.SignalSpec |   • magnetics-flux_loop_flux       | role=input    | id=  4 | modality=profile    | encoder=dct3d | dim=15
2026-01-20 23:15:16 | INFO | mmt.SignalSpec |   • pf_active-coil_current         | role=input    | id=  5 | modality=profile    | encoder=dct3d | dim=20
2026-01-20 23:15:16 | INFO | mmt.SignalSpec |   • pf_active-solenoid_current     | role=input    | id=  6 | modality=timeseries | encoder=dct3d | dim=2
2026-01-20 23:15:16 | INFO | mmt.SignalSpec |   • summary-ip                     | role=input    | id=  7 | modality=timeseries | encoder=dct3d | dim=4
2026-01-20 23:15:16 | INFO | mmt.SignalSpec |   • equilibrium-lcfs_r             | role=output   | id=  8 | modality=profile    | encoder=dct3d | dim=10
2026-01-20 23:15:16 | INFO | mmt.SignalSpec |   • equilibrium-lcfs_z             | role=output   | id=  9 | modality=profile    | encoder=dct3d | dim=10
2026-01-20 23:15:16 | INFO | mmt.TuneDCT3D | TuneDCT3D initialized | roles=output | candidates=816 | budgets={'output': 6144}
2026-01-20 23:15:29 | INFO | mmt.TuneDCT3D | TuneDCT3D progress: shots: 10, windows: 119
2026-01-20 23:15:44 | INFO | mmt.TuneDCT3D | TuneDCT3D progress: shots: 20, windows: 286
2026-01-20 23:15:58 | INFO | mmt.TuneDCT3D | TuneDCT3D progress: shots: 30, windows: 438
2026-01-20 23:16:11 | INFO | mmt.TuneDCT3D | TuneDCT3D progress: shots: 40, windows: 574
2026-01-20 23:16:25 | INFO | mmt.TuneDCT3D | TuneDCT3D progress: shots: 50, windows: 718
2026-01-20 23:16:40 | INFO | mmt.TuneDCT3D | TuneDCT3D progress: shots: 60, windows: 879
2026-01-20 23:16:53 | INFO | mmt.TuneDCT3D | TuneDCT3D progress: shots: 70, windows: 1034
2026-01-20 23:17:08 | INFO | mmt.TuneDCT3D | TuneDCT3D progress: shots: 80, windows: 1194
2026-01-20 23:17:21 | INFO | mmt.TuneDCT3D | TuneDCT3D progress: shots: 90, windows: 1344
2026-01-20 23:17:26 | INFO | mmt.TuneDCT3D | Processed windows: total=1427
2026-01-20 23:17:26 | INFO | mmt.TuneDCT3D | Selected configurations:
2026-01-20 23:17:26 | INFO | mmt.TuneDCT3D | [output:equilibrium-lcfs_r] shape=(170, 1) keep=(16,1,1) expl_energy=0.9998 eff_dim=16
2026-01-20 23:17:26 | INFO | mmt.TuneDCT3D | [output:equilibrium-lcfs_z] shape=(170, 1) keep=(16,1,1) expl_energy=0.9993 eff_dim=16
2026-01-20 23:17:26 | INFO | mmt.TuneDCT3D | Wrote tuned embedding overrides to /home/ir-bosc1/git/multi-modal-transformer/scripts_mast/configs/tasks_overrides/task_1-2/embeddings_overrides/dct3d.yaml
2026-01-20 23:17:26 | INFO | mmt.TuneDCT3D | Archived tuned embedding overrides to /home/ir-bosc1/git/multi-modal-transformer/scripts_mast/configs/tasks_overrides/task_1-2/embeddings_overrides/history/dct3d_20260120_231726_791524.yaml
2026-01-20 23:36:03 | INFO | mmt.TuneDCT3D | task=task_1-2 | phase=tune_dct3d | device=cuda | roles=output
2026-01-20 23:36:04 | INFO | mmt.SignalSpec | Built SignalSpecRegistry with 10 role-specific signals
2026-01-20 23:36:04 | INFO | mmt.SignalSpec |   • magnetics-b_field_pol_probe_ccbv_field | role=input    | id=  0 | modality=profile    | encoder=dct3d | dim=80
2026-01-20 23:36:04 | INFO | mmt.SignalSpec |   • magnetics-b_field_pol_probe_obr_field | role=input    | id=  1 | modality=profile    | encoder=dct3d | dim=36
2026-01-20 23:36:04 | INFO | mmt.SignalSpec |   • magnetics-b_field_pol_probe_obv_field | role=input    | id=  2 | modality=profile    | encoder=dct3d | dim=36
2026-01-20 23:36:04 | INFO | mmt.SignalSpec |   • magnetics-b_field_tor_probe_saddle_voltage | role=input    | id=  3 | modality=profile    | encoder=dct3d | dim=24
2026-01-20 23:36:04 | INFO | mmt.SignalSpec |   • magnetics-flux_loop_flux       | role=input    | id=  4 | modality=profile    | encoder=dct3d | dim=15
2026-01-20 23:36:04 | INFO | mmt.SignalSpec |   • pf_active-coil_current         | role=input    | id=  5 | modality=profile    | encoder=dct3d | dim=20
2026-01-20 23:36:04 | INFO | mmt.SignalSpec |   • pf_active-solenoid_current     | role=input    | id=  6 | modality=timeseries | encoder=dct3d | dim=2
2026-01-20 23:36:04 | INFO | mmt.SignalSpec |   • summary-ip                     | role=input    | id=  7 | modality=timeseries | encoder=dct3d | dim=4
2026-01-20 23:36:04 | INFO | mmt.SignalSpec |   • equilibrium-lcfs_r             | role=output   | id=  8 | modality=profile    | encoder=dct3d | dim=10
2026-01-20 23:36:04 | INFO | mmt.SignalSpec |   • equilibrium-lcfs_z             | role=output   | id=  9 | modality=profile    | encoder=dct3d | dim=10
2026-01-20 23:36:04 | INFO | mmt.TuneDCT3D | TuneDCT3D initialized | roles=output | candidates=952 | budgets={'output': 6144}
2026-01-20 23:36:18 | INFO | mmt.TuneDCT3D | TuneDCT3D progress: shots: 10, windows: 146
2026-01-20 23:36:35 | INFO | mmt.TuneDCT3D | TuneDCT3D progress: shots: 20, windows: 351
2026-01-20 23:36:52 | INFO | mmt.TuneDCT3D | TuneDCT3D progress: shots: 30, windows: 541
2026-01-20 23:37:09 | INFO | mmt.TuneDCT3D | TuneDCT3D progress: shots: 40, windows: 710
2026-01-20 23:37:22 | INFO | mmt.TuneDCT3D | TuneDCT3D progress: shots: 50, windows: 888
2026-01-20 23:37:35 | INFO | mmt.TuneDCT3D | TuneDCT3D progress: shots: 60, windows: 1088
2026-01-20 23:37:48 | INFO | mmt.TuneDCT3D | TuneDCT3D progress: shots: 70, windows: 1278
2026-01-20 23:38:08 | INFO | mmt.TuneDCT3D | TuneDCT3D progress: shots: 80, windows: 1475
2026-01-20 23:38:21 | INFO | mmt.TuneDCT3D | TuneDCT3D progress: shots: 90, windows: 1660
2026-01-20 23:38:28 | INFO | mmt.TuneDCT3D | Processed windows: total=1765
2026-01-20 23:38:28 | INFO | mmt.TuneDCT3D | Selected configurations:
2026-01-20 23:38:28 | INFO | mmt.TuneDCT3D | [output:equilibrium-lcfs_r] shape=(170, 1) keep=(16,1,1) expl_energy=0.9998 eff_dim=16
2026-01-20 23:38:28 | INFO | mmt.TuneDCT3D | [output:equilibrium-lcfs_z] shape=(170, 1) keep=(16,1,1) expl_energy=0.9993 eff_dim=16
2026-01-20 23:38:28 | INFO | mmt.TuneDCT3D | Wrote tuned embedding overrides to /home/ir-bosc1/git/multi-modal-transformer/scripts_mast/configs/tasks_overrides/task_1-2/embeddings_overrides/dct3d.yaml
2026-01-20 23:38:28 | INFO | mmt.TuneDCT3D | Archived tuned embedding overrides to /home/ir-bosc1/git/multi-modal-transformer/scripts_mast/configs/tasks_overrides/task_1-2/embeddings_overrides/history/dct3d_20260120_233828_383101.yaml
