2026-01-20 23:17:38 | INFO | mmt.TuneDCT3D | task=task_1-3 | phase=tune_dct3d | device=cuda | roles=output
2026-01-20 23:17:38 | INFO | mmt.SignalSpec | Built SignalSpecRegistry with 9 role-specific signals
2026-01-20 23:17:38 | INFO | mmt.SignalSpec |   • magnetics-b_field_pol_probe_ccbv_field | role=input    | id=  0 | modality=profile    | encoder=dct3d | dim=80
2026-01-20 23:17:38 | INFO | mmt.SignalSpec |   • magnetics-b_field_pol_probe_obr_field | role=input    | id=  1 | modality=profile    | encoder=dct3d | dim=36
2026-01-20 23:17:38 | INFO | mmt.SignalSpec |   • magnetics-b_field_pol_probe_obv_field | role=input    | id=  2 | modality=profile    | encoder=dct3d | dim=36
2026-01-20 23:17:38 | INFO | mmt.SignalSpec |   • magnetics-b_field_tor_probe_saddle_voltage | role=input    | id=  3 | modality=profile    | encoder=dct3d | dim=24
2026-01-20 23:17:38 | INFO | mmt.SignalSpec |   • magnetics-flux_loop_flux       | role=input    | id=  4 | modality=profile    | encoder=dct3d | dim=15
2026-01-20 23:17:38 | INFO | mmt.SignalSpec |   • pf_active-coil_current         | role=input    | id=  5 | modality=profile    | encoder=dct3d | dim=20
2026-01-20 23:17:38 | INFO | mmt.SignalSpec |   • pf_active-solenoid_current     | role=input    | id=  6 | modality=timeseries | encoder=dct3d | dim=2
2026-01-20 23:17:38 | INFO | mmt.SignalSpec |   • summary-ip                     | role=input    | id=  7 | modality=timeseries | encoder=dct3d | dim=4
2026-01-20 23:17:38 | INFO | mmt.SignalSpec |   • equilibrium-psi                | role=output   | id=  8 | modality=video      | encoder=dct3d | dim=64
2026-01-20 23:17:38 | INFO | mmt.TuneDCT3D | TuneDCT3D initialized | roles=output | candidates=816 | budgets={'output': 6144}
2026-01-20 23:17:49 | INFO | mmt.TuneDCT3D | TuneDCT3D progress: shots: 10, windows: 131
2026-01-20 23:18:03 | INFO | mmt.TuneDCT3D | TuneDCT3D progress: shots: 20, windows: 311
2026-01-20 23:18:16 | INFO | mmt.TuneDCT3D | TuneDCT3D progress: shots: 30, windows: 485
2026-01-20 23:18:29 | INFO | mmt.TuneDCT3D | TuneDCT3D progress: shots: 40, windows: 637
2026-01-20 23:18:42 | INFO | mmt.TuneDCT3D | TuneDCT3D progress: shots: 50, windows: 798
2026-01-20 23:18:55 | INFO | mmt.TuneDCT3D | TuneDCT3D progress: shots: 60, windows: 957
2026-01-20 23:19:09 | INFO | mmt.TuneDCT3D | TuneDCT3D progress: shots: 70, windows: 1126
2026-01-20 23:19:23 | INFO | mmt.TuneDCT3D | TuneDCT3D progress: shots: 80, windows: 1307
2026-01-20 23:19:36 | INFO | mmt.TuneDCT3D | TuneDCT3D progress: shots: 90, windows: 1463
2026-01-20 23:19:46 | INFO | mmt.TuneDCT3D | Processed windows: total=1588
2026-01-20 23:19:46 | INFO | mmt.TuneDCT3D | Selected configurations:
2026-01-20 23:19:46 | INFO | mmt.TuneDCT3D | [output:equilibrium-psi] shape=(65, 65, 1) keep=(32,16,1) expl_energy=0.9993 eff_dim=512
2026-01-20 23:19:46 | INFO | mmt.TuneDCT3D | Wrote tuned embedding overrides to /home/ir-bosc1/git/multi-modal-transformer/scripts_mast/configs/tasks_overrides/task_1-3/embeddings_overrides/dct3d.yaml
2026-01-20 23:19:46 | INFO | mmt.TuneDCT3D | Archived tuned embedding overrides to /home/ir-bosc1/git/multi-modal-transformer/scripts_mast/configs/tasks_overrides/task_1-3/embeddings_overrides/history/dct3d_20260120_231946_499780.yaml
2026-01-20 23:38:33 | INFO | mmt.TuneDCT3D | task=task_1-3 | phase=tune_dct3d | device=cuda | roles=output
2026-01-20 23:38:34 | INFO | mmt.SignalSpec | Built SignalSpecRegistry with 9 role-specific signals
2026-01-20 23:38:34 | INFO | mmt.SignalSpec |   • magnetics-b_field_pol_probe_ccbv_field | role=input    | id=  0 | modality=profile    | encoder=dct3d | dim=80
2026-01-20 23:38:34 | INFO | mmt.SignalSpec |   • magnetics-b_field_pol_probe_obr_field | role=input    | id=  1 | modality=profile    | encoder=dct3d | dim=36
2026-01-20 23:38:34 | INFO | mmt.SignalSpec |   • magnetics-b_field_pol_probe_obv_field | role=input    | id=  2 | modality=profile    | encoder=dct3d | dim=36
2026-01-20 23:38:34 | INFO | mmt.SignalSpec |   • magnetics-b_field_tor_probe_saddle_voltage | role=input    | id=  3 | modality=profile    | encoder=dct3d | dim=24
2026-01-20 23:38:34 | INFO | mmt.SignalSpec |   • magnetics-flux_loop_flux       | role=input    | id=  4 | modality=profile    | encoder=dct3d | dim=15
2026-01-20 23:38:34 | INFO | mmt.SignalSpec |   • pf_active-coil_current         | role=input    | id=  5 | modality=profile    | encoder=dct3d | dim=20
2026-01-20 23:38:34 | INFO | mmt.SignalSpec |   • pf_active-solenoid_current     | role=input    | id=  6 | modality=timeseries | encoder=dct3d | dim=2
2026-01-20 23:38:34 | INFO | mmt.SignalSpec |   • summary-ip                     | role=input    | id=  7 | modality=timeseries | encoder=dct3d | dim=4
2026-01-20 23:38:34 | INFO | mmt.SignalSpec |   • equilibrium-psi                | role=output   | id=  8 | modality=video      | encoder=dct3d | dim=64
2026-01-20 23:38:34 | INFO | mmt.TuneDCT3D | TuneDCT3D initialized | roles=output | candidates=952 | budgets={'output': 6144}
2026-01-20 23:38:48 | INFO | mmt.TuneDCT3D | TuneDCT3D progress: shots: 10, windows: 162
2026-01-20 23:39:07 | INFO | mmt.TuneDCT3D | TuneDCT3D progress: shots: 20, windows: 385
2026-01-20 23:39:25 | INFO | mmt.TuneDCT3D | TuneDCT3D progress: shots: 30, windows: 597
2026-01-20 23:39:42 | INFO | mmt.TuneDCT3D | TuneDCT3D progress: shots: 40, windows: 787
2026-01-20 23:40:04 | INFO | mmt.TuneDCT3D | TuneDCT3D progress: shots: 50, windows: 988
2026-01-20 23:40:24 | INFO | mmt.TuneDCT3D | TuneDCT3D progress: shots: 60, windows: 1182
2026-01-20 23:40:47 | INFO | mmt.TuneDCT3D | TuneDCT3D progress: shots: 70, windows: 1390
2026-01-20 23:41:13 | INFO | mmt.TuneDCT3D | TuneDCT3D progress: shots: 80, windows: 1617
2026-01-20 23:41:33 | INFO | mmt.TuneDCT3D | TuneDCT3D progress: shots: 90, windows: 1810
2026-01-20 23:41:50 | INFO | mmt.TuneDCT3D | Processed windows: total=1965
2026-01-20 23:41:50 | INFO | mmt.TuneDCT3D | Selected configurations:
2026-01-20 23:41:50 | INFO | mmt.TuneDCT3D | [output:equilibrium-psi] shape=(65, 65, 1) keep=(32,16,1) expl_energy=0.9993 eff_dim=512
2026-01-20 23:41:50 | INFO | mmt.TuneDCT3D | Wrote tuned embedding overrides to /home/ir-bosc1/git/multi-modal-transformer/scripts_mast/configs/tasks_overrides/task_1-3/embeddings_overrides/dct3d.yaml
2026-01-20 23:41:50 | INFO | mmt.TuneDCT3D | Archived tuned embedding overrides to /home/ir-bosc1/git/multi-modal-transformer/scripts_mast/configs/tasks_overrides/task_1-3/embeddings_overrides/history/dct3d_20260120_234150_123860.yaml
