2026-01-20 23:56:36 | INFO | mmt.TuneDCT3D | task=task_2-2 | phase=tune_dct3d | device=cuda | roles=output
2026-01-20 23:56:37 | INFO | mmt.SignalSpec | Built SignalSpecRegistry with 12 role-specific signals
2026-01-20 23:56:37 | INFO | mmt.SignalSpec |   • pf_active-coil_voltage         | role=actuator | id=  0 | modality=profile    | encoder=dct3d | dim=64
2026-01-20 23:56:37 | INFO | mmt.SignalSpec |   • summary-power_nbi              | role=actuator | id=  1 | modality=timeseries | encoder=dct3d | dim=16
2026-01-20 23:56:37 | INFO | mmt.SignalSpec |   • magnetics-b_field_pol_probe_ccbv_field | role=input    | id=  2 | modality=profile    | encoder=dct3d | dim=80
2026-01-20 23:56:37 | INFO | mmt.SignalSpec |   • magnetics-b_field_pol_probe_obr_field | role=input    | id=  3 | modality=profile    | encoder=dct3d | dim=36
2026-01-20 23:56:37 | INFO | mmt.SignalSpec |   • magnetics-b_field_pol_probe_obv_field | role=input    | id=  4 | modality=profile    | encoder=dct3d | dim=36
2026-01-20 23:56:37 | INFO | mmt.SignalSpec |   • magnetics-b_field_tor_probe_saddle_voltage | role=input    | id=  5 | modality=profile    | encoder=dct3d | dim=24
2026-01-20 23:56:37 | INFO | mmt.SignalSpec |   • magnetics-flux_loop_flux       | role=input    | id=  6 | modality=profile    | encoder=dct3d | dim=15
2026-01-20 23:56:37 | INFO | mmt.SignalSpec |   • pf_active-coil_current         | role=input    | id=  7 | modality=profile    | encoder=dct3d | dim=20
2026-01-20 23:56:37 | INFO | mmt.SignalSpec |   • pf_active-solenoid_current     | role=input    | id=  8 | modality=timeseries | encoder=dct3d | dim=2
2026-01-20 23:56:37 | INFO | mmt.SignalSpec |   • summary-ip                     | role=input    | id=  9 | modality=timeseries | encoder=dct3d | dim=4
2026-01-20 23:56:37 | INFO | mmt.SignalSpec |   • equilibrium-lcfs_r             | role=output   | id= 10 | modality=profile    | encoder=dct3d | dim=50
2026-01-20 23:56:37 | INFO | mmt.SignalSpec |   • equilibrium-lcfs_z             | role=output   | id= 11 | modality=profile    | encoder=dct3d | dim=50
2026-01-20 23:56:37 | INFO | mmt.TuneDCT3D | TuneDCT3D initialized | roles=output | candidates=952 | budgets={'output': 6144}
2026-01-20 23:56:52 | INFO | mmt.TuneDCT3D | TuneDCT3D progress: shots: 10, windows: 137
2026-01-20 23:57:11 | INFO | mmt.TuneDCT3D | TuneDCT3D progress: shots: 20, windows: 332
2026-01-20 23:57:28 | INFO | mmt.TuneDCT3D | TuneDCT3D progress: shots: 30, windows: 512
2026-01-20 23:57:43 | INFO | mmt.TuneDCT3D | TuneDCT3D progress: shots: 40, windows: 671
2026-01-20 23:57:59 | INFO | mmt.TuneDCT3D | TuneDCT3D progress: shots: 50, windows: 839
2026-01-20 23:58:16 | INFO | mmt.TuneDCT3D | TuneDCT3D progress: shots: 60, windows: 1029
2026-01-20 23:58:37 | INFO | mmt.TuneDCT3D | TuneDCT3D progress: shots: 70, windows: 1209
2026-01-20 23:58:56 | INFO | mmt.TuneDCT3D | TuneDCT3D progress: shots: 80, windows: 1396
2026-01-20 23:59:13 | INFO | mmt.TuneDCT3D | TuneDCT3D progress: shots: 90, windows: 1571
2026-01-20 23:59:23 | INFO | mmt.TuneDCT3D | Processed windows: total=1669
2026-01-20 23:59:23 | INFO | mmt.TuneDCT3D | Selected configurations:
2026-01-20 23:59:23 | INFO | mmt.TuneDCT3D | [output:equilibrium-lcfs_r] shape=(170, 5) keep=(16,1,2) expl_energy=0.9992 eff_dim=32
2026-01-20 23:59:23 | INFO | mmt.TuneDCT3D | [output:equilibrium-lcfs_z] shape=(170, 5) keep=(16,1,4) expl_energy=0.9992 eff_dim=64
2026-01-20 23:59:23 | INFO | mmt.TuneDCT3D | Wrote tuned embedding overrides to /home/ir-bosc1/git/multi-modal-transformer/scripts_mast/configs/tasks_overrides/task_2-2/embeddings_overrides/dct3d.yaml
2026-01-20 23:59:23 | INFO | mmt.TuneDCT3D | Archived tuned embedding overrides to /home/ir-bosc1/git/multi-modal-transformer/scripts_mast/configs/tasks_overrides/task_2-2/embeddings_overrides/history/dct3d_20260120_235923_035933.yaml
