2026-01-21 01:49:00 | INFO | mmt.TuneDCT3D | task=task_4-2 | phase=tune_dct3d | device=cuda | roles=output
2026-01-21 01:49:01 | INFO | mmt.SignalSpec | Built SignalSpecRegistry with 22 role-specific signals
2026-01-21 01:49:01 | INFO | mmt.SignalSpec |   • gas_injection-total_injected   | role=actuator | id=  0 | modality=timeseries | encoder=dct3d | dim=2
2026-01-21 01:49:01 | INFO | mmt.SignalSpec |   • pulse_schedule-i_plasma        | role=actuator | id=  1 | modality=timeseries | encoder=dct3d | dim=2
2026-01-21 01:49:01 | INFO | mmt.SignalSpec |   • pulse_schedule-n_e_line        | role=actuator | id=  2 | modality=timeseries | encoder=dct3d | dim=2
2026-01-21 01:49:01 | INFO | mmt.SignalSpec |   • summary-power_nbi              | role=actuator | id=  3 | modality=timeseries | encoder=dct3d | dim=16
2026-01-21 01:49:01 | INFO | mmt.SignalSpec |   • interferometer-n_e_line        | role=input    | id=  4 | modality=timeseries | encoder=dct3d | dim=20
2026-01-21 01:49:01 | INFO | mmt.SignalSpec |   • magnetics-b_field_pol_probe_ccbv_field | role=input    | id=  5 | modality=profile    | encoder=dct3d | dim=80
2026-01-21 01:49:01 | INFO | mmt.SignalSpec |   • magnetics-b_field_pol_probe_obr_field | role=input    | id=  6 | modality=profile    | encoder=dct3d | dim=36
2026-01-21 01:49:01 | INFO | mmt.SignalSpec |   • magnetics-b_field_pol_probe_obv_field | role=input    | id=  7 | modality=profile    | encoder=dct3d | dim=36
2026-01-21 01:49:01 | INFO | mmt.SignalSpec |   • magnetics-b_field_pol_probe_omv_voltage | role=input    | id=  8 | modality=profile    | encoder=dct3d | dim=3840
2026-01-21 01:49:01 | INFO | mmt.SignalSpec |   • magnetics-b_field_tor_probe_cc_field | role=input    | id=  9 | modality=profile    | encoder=dct3d | dim=3840
2026-01-21 01:49:01 | INFO | mmt.SignalSpec |   • magnetics-b_field_tor_probe_saddle_voltage | role=input    | id= 10 | modality=profile    | encoder=dct3d | dim=24
2026-01-21 01:49:01 | INFO | mmt.SignalSpec |   • magnetics-flux_loop_flux       | role=input    | id= 11 | modality=profile    | encoder=dct3d | dim=15
2026-01-21 01:49:01 | INFO | mmt.SignalSpec |   • pf_active-coil_current         | role=input    | id= 12 | modality=profile    | encoder=dct3d | dim=20
2026-01-21 01:49:01 | INFO | mmt.SignalSpec |   • pf_active-solenoid_current     | role=input    | id= 13 | modality=timeseries | encoder=dct3d | dim=2
2026-01-21 01:49:01 | INFO | mmt.SignalSpec |   • soft_x_rays-horizontal_cam_lower | role=input    | id= 14 | modality=profile    | encoder=dct3d | dim=4032
2026-01-21 01:49:01 | INFO | mmt.SignalSpec |   • soft_x_rays-horizontal_cam_upper | role=input    | id= 15 | modality=profile    | encoder=dct3d | dim=4032
2026-01-21 01:49:01 | INFO | mmt.SignalSpec |   • spectrometer_visible-filter_spectrometer_dalpha_voltage | role=input    | id= 16 | modality=profile    | encoder=dct3d | dim=384
2026-01-21 01:49:01 | INFO | mmt.SignalSpec |   • summary-ip                     | role=input    | id= 17 | modality=timeseries | encoder=dct3d | dim=4
2026-01-21 01:49:01 | INFO | mmt.SignalSpec |   • thomson_scattering-n_e         | role=input    | id= 18 | modality=profile    | encoder=dct3d | dim=120
2026-01-21 01:49:01 | INFO | mmt.SignalSpec |   • thomson_scattering-t_e         | role=input    | id= 19 | modality=profile    | encoder=dct3d | dim=120
2026-01-21 01:49:01 | INFO | mmt.SignalSpec |   • soft_x_rays-horizontal_cam_lower | role=output   | id= 20 | modality=profile    | encoder=dct3d | dim=100
2026-01-21 01:49:01 | INFO | mmt.SignalSpec |   • soft_x_rays-horizontal_cam_upper | role=output   | id= 21 | modality=profile    | encoder=dct3d | dim=100
2026-01-21 01:49:01 | INFO | mmt.TuneDCT3D | TuneDCT3D initialized | roles=output | candidates=952 | budgets={'output': 6144}
2026-01-21 01:53:54 | INFO | mmt.TuneDCT3D | TuneDCT3D progress: shots: 10, windows: 151
2026-01-21 02:00:48 | INFO | mmt.TuneDCT3D | TuneDCT3D progress: shots: 20, windows: 368
2026-01-21 02:06:57 | INFO | mmt.TuneDCT3D | TuneDCT3D progress: shots: 30, windows: 562
2026-01-21 02:13:03 | INFO | mmt.TuneDCT3D | TuneDCT3D progress: shots: 40, windows: 753
2026-01-21 02:19:15 | INFO | mmt.TuneDCT3D | TuneDCT3D progress: shots: 50, windows: 941
2026-01-21 02:26:08 | INFO | mmt.TuneDCT3D | TuneDCT3D progress: shots: 60, windows: 1160
2026-01-21 02:32:19 | INFO | mmt.TuneDCT3D | TuneDCT3D progress: shots: 70, windows: 1360
2026-01-21 02:38:58 | INFO | mmt.TuneDCT3D | TuneDCT3D progress: shots: 80, windows: 1561
2026-01-21 02:44:21 | INFO | mmt.TuneDCT3D | TuneDCT3D progress: shots: 90, windows: 1734
2026-01-21 02:48:06 | INFO | mmt.TuneDCT3D | Processed windows: total=1852
2026-01-21 02:48:06 | INFO | mmt.TuneDCT3D | Selected configurations:
2026-01-21 02:48:06 | INFO | mmt.TuneDCT3D | [output:soft_x_rays-horizontal_cam_lower] shape=(18, 5000) keep=(18,1,256) expl_energy=0.9888 eff_dim=4608
2026-01-21 02:48:06 | INFO | mmt.TuneDCT3D | [output:soft_x_rays-horizontal_cam_upper] shape=(18, 5000) keep=(18,1,256) expl_energy=0.9835 eff_dim=4608
2026-01-21 02:48:06 | INFO | mmt.TuneDCT3D | Wrote tuned embedding overrides to /home/ir-bosc1/git/multi-modal-transformer/scripts_mast/configs/tasks_overrides/task_4-2/embeddings_overrides/dct3d.yaml
2026-01-21 02:48:06 | INFO | mmt.TuneDCT3D | Archived tuned embedding overrides to /home/ir-bosc1/git/multi-modal-transformer/scripts_mast/configs/tasks_overrides/task_4-2/embeddings_overrides/history/dct3d_20260121_024806_638605.yaml
